<?xml version="1.0" encoding="UTF-8"?>
<!-- Generated by org.testng.reporters.JUnitReportReporter -->
<testsuite hostname="DESKTOP-N6KAGOT" failures="0" tests="2" name="Restful_API_Test.Test_Post" time="4.869" errors="0" timestamp="2021-06-27T01:29:42 EET" skipped="0">
  <testcase classname="Restful_API_Test.Test_Post" name="Successful_registration" time="4.501"/>
  <system-out/>
  <testcase classname="Restful_API_Test.Test_Post" name="UNSuccessful_registration" time="0.368"/>
  <system-out/>
</testsuite> <!-- Restful_API_Test.Test_Post -->
