<?xml version="1.0" encoding="UTF-8"?>
<!-- Generated by org.testng.reporters.JUnitReportReporter -->
<testsuite hostname="DESKTOP-N6KAGOT" failures="0" tests="2" name="Restful_API_Test.List_Users" time="3.468" errors="0" timestamp="2021-06-26T14:18:21 EET" skipped="0">
  <testcase classname="Restful_API_Test.List_Users" name="validate_redponce_code" time="3.110"/>
  <system-out/>
  <testcase classname="Restful_API_Test.List_Users" name="Single_user_not_fount" time="0.358"/>
  <system-out/>
</testsuite> <!-- Restful_API_Test.List_Users -->
